<?xml version="1.0" encoding="utf-8"?><testsuites name="pytest tests"><testsuite name="pytest" errors="0" failures="0" skipped="0" tests="5" time="1.314" timestamp="2026-07-02T12:43:51.748599+00:00" hostname="agent-env-9b0fd98f-8d93-40ec-b299-07224ab64c3e"><testcase classname="tests.backend_test" name="test_root" time="0.264" /><testcase classname="tests.backend_test" name="test_contact_create_and_persist" time="0.179" /><testcase classname="tests.backend_test" name="test_contact_invalid_email" time="0.134" /><testcase classname="tests.backend_test" name="test_contact_missing_email" time="0.103" /><testcase classname="tests.backend_test" name="test_cv_pdf" time="0.143" /></testsuite></testsuites>