<?xml version="1.0" encoding="utf-8"?><testsuites name="pytest tests"><testsuite name="pytest" errors="0" failures="0" skipped="0" tests="8" time="1.686" timestamp="2026-07-02T13:36:37.420881+00:00" hostname="agent-env-9b0fd98f-8d93-40ec-b299-07224ab64c3e"><testcase classname="tests.backend_test" name="test_root" time="0.273" /><testcase classname="tests.backend_test" name="test_contact_create_and_persist" time="0.186" /><testcase classname="tests.backend_test" name="test_contact_full_payload" time="0.176" /><testcase classname="tests.backend_test" name="test_contact_invalid_email" time="0.104" /><testcase classname="tests.backend_test" name="test_contact_missing_email" time="0.104" /><testcase classname="tests.backend_test" name="test_cv_pdf_default" time="0.109" /><testcase classname="tests.backend_test" name="test_cv_pdf_lang[en]" time="0.102" /><testcase classname="tests.backend_test" name="test_cv_pdf_lang[pt]" time="0.105" /></testsuite></testsuites>